JFIF
NjAweDYwMF9waWN0dXJl
QA%C
(%-B
 B)X
k&v+
!`BB
%d @)
KBABXX0
L^W*Pd
V!),
SUT#60
f~]SXf
z9hzr
H!!)@(
={>^
--V
AERH
TTT
(`@-
AI      a
D@P F
VJd0
9^ogc
7]SQ
FTPn
2c+S2f
w\}:>
1gO;z
zr/>
Y5&Y
(K:cQ
z>/O
}<_?
GVFB
=.;S
?gNu
w{K2;q
)%4H$
^=v:V
,g#9
o8z`k
z~gw
"(@
aqy/
k55.
8z8<
bKYZ
a.nu
yzts
hsr2
,*\:
$X4B#)
ljCNi
2o<GMT
<=.;
}>/$
RFfcz
`_5;
+*(j
%*"+(
E5G-
geST5
{/o6
jJ"0
oU=Of~
{,yv
Q@@-h
c%`"!
G{c&
A.VH
]]K8
BFbD
5MW=
'^=/
^__I
RB(%@A
+d H
J$Al
cfbX
AB8E
,)\V
"B"fk3
ej3FY@Y1
eMQ.&w
D`$Cj
}]V7
_LW;
A$345BP
|oz1
+wz>8
bvn&Dp=
+"Bf
5<*h
q{MD
+i6G&
y7W9
vE]\
_K,U,
'2Y#
vl0_*l
CL~&f
TL6"1
Jnb}
scsssq^,
+y&j
^lnllllY
29A
llYf
8ibq
+MMMJ555(
\>*l
lT"j:Dj?)
G}cG
555(
<<s39u{
dFaG$
"hur
n*<s
ll_TQ
lllnY
G>Tc
G6|Zs
&DNS
rDh=
dIcd-
34~$
l_[,
>{2X
M~dOY
yRc?
X5:X
+NB~
|e&m
?!6E
r65X9
n^BM7
llnlnlllllY
"0Kq
gOkI
?n_j
_[6666,
)<F;<
"MS?-   $
B'n^
YrR&
OG\e
T~SI&
7#u^
sjr9b
M3610;
Fgq]
e+W;2
s?oe
TQ^=
lllYe
A>;,
b}^J%'
;Uf;PF
\:O2
&v5#gU
:_DR
:E,U
Z5554444555(
<I*8Y
J>TV~
sG!^
T10d
py-Xn
X#Wz
lXR_Und
1:r|i
>Q&v
El/r/
j93p5&
2#RvS
W;!.d
]QV>
#>i]
=Y4/W
&HlB
['&\
g5Y;
"2A`P
4%d`-+
762D
t"=U
#I      Qe
(?eBO
=&=6mf
(yDQ
(HD1Y
EcMY
bSQ%'&+
RTN[
D_Ce
|R(h
G-68
dc\V$H
'Bbx
hHR7
9Q      Z
xD:&
=A;(
a:%6NM
hm$OU":
B6N"
2R,f
u#J]
D\g*5;w
-21<
Dex\
44V?d
#7dX
!f^
(b(HQE,
 !01@AP`
o#!?
Y|"DB
EpDH
o7^:
7LEf
o7^(
!,Ye
QE{O
6DYdM?
ll|P
(xDH1
&@hc
J(hhE
"~DL
cxyK(
|,TnD
XxB(
\u#d
_$|e
t=RZ
@^      E
$$WB
1 "AQa
02Pq#BR
$4@C
W9Vf88t
sryW
4u++Nx
lc      "
~ee1=l
rYDOE
SuI"
7U{;
!i|Bc
&M;z
GHC.
#sSh
!LiW
EF[-
$NmW
5Sw+YK
-6eS
hCvO5
E>@y
mi~xL
+E9p
]Bi#+W
VZ7Y
\WwD
E+0|
P\qE
6P:J
YgsU
PWLY
AVC-K/8z
W'IW2
~oV'
+B-%
{37~
w%mAB
"qk\a
5       ++B9
<y'x
Jc=B
W{NXPe{uS3
6kTk
TLY[D
L+c%B
eI;:
VWj6$
nir9\
<*7B
8pEAWF
6tZ"1=O
E;1[x
!9efk{
FeAxQ
%?;S
i5SfQ
nT^TNY
F8sW3
ZB}'
_ Mv
AQa q
W,D#
8JT*(
:&.:
x2)W
BKz1
qK8npo
>/0Bv
K3nD
=('K
_0G_
a#Mo
(F4O
D;Ry
a9`C
fO}     y
yB{Q- T
g\>//
<J"q
z9dm
D%kG
*6@g
"JfR
9OaF
d               =
pT%3
qm3A
Y/$^
J"<7
ds2!M
UYHH
qd/q<3
MdM&
;P+R
2::=&O
kh(<
4Bm%
zi/xl
TbBg
"i2
Y<tw
mC`h
$2mB:
^TYlq
&%x4B
ZMesF 6
/%)Hy
q9LL
P~,{Q
"bbt
AFA|E(
EEtY
{;F)
I525%
"j      |
uZHb
'Hc*
L[xD
        stV
C>)G)
cLzH{T-(
bx#tC
e/&bK
M4&=|
>       r
>4'JQ$_
h2qS"z?Pc+
ujt:
Cfk|vW
-Oh%
oLBC
K86#
B\dh
j=*v8
FWF4@*}
d:1,&*"
=TU;
&QUm
&>]3+
T2Kb
vyEX
F4--
Q{),
|-lX/,
t h(
%ZX     6
dty(7
<Q)vo1
bT:5-%
]PzGgq
c+\)K
dCM7
(:D1K{.
Is8I
Pk4f
Rdcz
vFJ`
n`whg
)*3l!
Z&#yr:
v4Y=2
.vIQ
XZ02C:AA
S|?Q
sE      V^
Hl[;
19C|
Fc)QVG&4[
8[ggl
        BZp
O(o"
}       hG|%g
%2wE$\
S{iV
f@l
j@;0
bb|P
        NK@I
"H:7
ib]`
!1 0A@Q`Paq
Vw=[m
Y2K!
1e^Go6J
YpaW
o;lZ
=       .%
-vJI
0?Y'vK
1-F 2'dXY
]Guz
fplOv
L{2=X
Wwo#
x&?F
D!F<
Kw;c
gI%%
Aa"B&
3u*FY:
DX)kd
NR/b
C"=q
Wc^F<
Y       ,6
'-&a
a<+e
BBBH
!1 0A@PQa`q
C!?{
2218tZ
&tHm
_Ht"
)sqK
"4l-c
ECF-
T!1r
8=6>
!=i(DDD@
cv8\
QE``
]`d6
pass:
mr_b1n
BW"_
oa!V;
r<,r'C
J{MR
wxwN
z.!
AnBS
cf':>
cD!6$A5
DMV4
nX5E
,h-4B
5GQT\
xo^h
cp[
H7IH
DD1!*
:>xI
2-Pu1
&       OJ`
Ypr+
(n&EP
PIBT
!1AQaq
(QHx
ZypZ|Cf
VT({Y
b &F%
A5+%
&s<U6Gp
${Ka,
(]JT
e**u
WQ*XD
v)|N
!_DQ(yD
b6k`k_7Qp
-0s-
Hv5p}|S
H1v_
g3.MF
Z4ki
YaE9
aVqx7
(P+R
e`#N
@^e"]
.\l9
pf,5
V$6j
973[
zV7bXK
GGvw
B@_
2jL"
Aai)z!
^hF7h
BSX}
3       ,,
z=L )n
rF+K
ncUmyH
Qu"T
#E|G
0%0&B
!sW(
p       h
%JAy
.09D:
2AKV
#gQw
KgiT
{c6v,/
]lj0]
.7i(
s>?p
Pq-PD
~Ieh
Tkq/w)
        t\
rIA(
<TBJ
5AdUd
'SX5
2!e%n#
&lFk
E9)Nj
b8bR
Ju2:
8j&/
mNT#
Iv*3
!!0e!
d+PR
,n?s
["^%
oP+_
QK{,TM
wt]T
"x@>&
j7,B
*u/R
%!r_f
M#3*[s
k&-q
m3X>
D[,e
"&[7q(aP
3Oqx
P1@U
F%VP
RglAl
TKPu
1q@\
&4y
4g@Y
cn"R
"YYk
\J <
3%fa
7wQQ
8_d"!lX+
fIQs
506C
gV<B
5u      ,
HoU_
Du#E
7qq^
pjX/
x#xx
X8K)X
RAn5
Et\*Y[
Kfn6\
%-9!:
 q,5
A^*)
J/3[
JeX
>"9QS
xN"C
@@h{
@Pq\
%Gsb
s2^au
9B0!
%:Yb
-/1V
WD^4
7iN2
15/u
W,&[
pS5%c
1-Vq
ze+p/3Q
,>"\s
!bX*oj4
`ITD
^QUr
i)wQCv
B&U0
Q2%C
BCTP
kq /*
p Nb
{&!Q
\{TS=
<\-F9c
1K"S
T;&\
VaS(
S{*;
;#uDB,`
hbZ(
)v@x
SXX>
EjQ=D
GI]@
qw*0
'p7A
cdz/8
X18Y
gp/d4
Aj9b
0kB]
ER45
ss7r
`G01
j@4p
|g$Q
T`J,
#1rl
@f-`
        kM(:S
K/bUlQ
B}~qF
Y6n:6.
26[~
q2)T
`qp~
V\]W]
+3P%
N&h1u
3CKY6E
MvEG
,k1(
->1>rP>
.v5B
$m!qQ
}?Q!hm
"nDR
x&f}2g}P&
\qO     ]8;
`hP$
|-/,
C8q$-
&vqRX}
}"W5
ze3:x
6xBw
#^DJ
g6ew}
+7+F)u
/ppCA&
IUn
!gT9
JT{mPK